<?xml version="1.0" encoding="UTF-8"?>
<!-- Generated by org.testng.reporters.JUnitReportReporter -->
<testsuite hostname="Marnis-MacBook-Pro.local" failures="0" tests="6" name="testSuite1.module1" time="0.027" errors="0" timestamp="2023-07-19T20:53:58 PDT" skipped="0">
  <testcase classname="testSuite1.module1" name="test001" time="0.003"/>
  <testcase classname="testSuite1.module1" name="test003" time="0.001"/>
  <testcase classname="testSuite1.module1" name="login" time="0.002"/>
  <testcase classname="testSuite1.module1" name="login" time="0.010"/>
  <testcase classname="testSuite1.module1" name="test002" time="0.002"/>
  <testcase classname="testSuite1.module1" name="test004" time="0.009"/>
</testsuite> <!-- testSuite1.module1 -->
