<?xml version="1.0" encoding="UTF-8"?>
<!-- Generated by org.testng.reporters.JUnitReportReporter -->
<testsuite hostname="Marnis-MacBook-Pro.local" failures="0" tests="2" name="testSuite1.module2" time="0.002" errors="0" timestamp="2023-07-19T20:01:37 PDT" skipped="0">
  <testcase classname="testSuite1.module2" name="test002" time="0.001"/>
  <testcase classname="testSuite1.module2" name="test003" time="0.001"/>
</testsuite> <!-- testSuite1.module2 -->
